<?xml version="1.0" encoding="utf-8"?><testsuites><testsuite errors="0" failures="0" hostname="Alexs-MacBook-Pro.local" name="pytest" skipped="0" tests="2" time="3.520" timestamp="2020-08-16T16:54:06.800704"><testcase classname="ephys_anonymizer.tests.test_raw_anonymize" file="ephys_anonymizer/tests/test_raw_anonymize.py" line="30" name="test_raw_anonymize" time="1.120"></testcase><testcase classname="ephys_anonymizer.tests.test_video_anonymize" file="ephys_anonymizer/tests/test_video_anonymize.py" line="26" name="test_video_anonymize" time="0.884"></testcase></testsuite></testsuites>