<?xml version="1.0" encoding="utf-8"?><testsuites><testsuite errors="0" failures="0" hostname="Alexs-MacBook-Pro.local" name="pytest" skipped="0" tests="0" time="0.009" timestamp="2020-06-30T17:44:51.616554"></testsuite></testsuites>