<?xml version="1.0" encoding="utf-8"?><testsuites><testsuite errors="1" failures="0" hostname="Alexs-MacBook-Pro.local" name="pytest" skipped="0" tests="1" time="0.879" timestamp="2020-06-30T19:36:32.891309"><testcase classname="" file="video_anonymize/tests/test_video_anonymize.py" name="video_anonymize.tests.test_video_anonymize" time="0.000"><error message="collection failure">video_anonymize/tests/test_video_anonymize.py:13: in &lt;module&gt;
    import video_anonymize
        __builtins__ = &lt;builtins&gt;
        __cached__ = &apos;/Users/alexrockhill/projects/video-anonymize/video_anonymize/tests/__pycache__/test_video_anonymize.cpython-37.pyc&apos;
        __doc__    = &apos;Test the video anonymization.\n\nFor each supported file format, implement a test.\n&apos;
        __file__   = &apos;/Users/alexrockhill/projects/video-anonymize/video_anonymize/tests/test_video_anonymize.py&apos;
        __loader__ = &lt;_pytest.assertion.rewrite.AssertionRewritingHook object at 0x7f8e44c0e390&gt;
        __name__   = &apos;test_video_anonymize&apos;
        __package__ = &apos;&apos;
        __spec__   = ModuleSpec(name=&apos;test_video_anonymize&apos;, loader=&lt;_pytest.assertion.rewrite.AssertionRewritingHook object at 0x7f8e44c0e390&gt;, origin=&apos;/Users/alexrockhill/projects/video-anonymize/video_anonymize/tests/test_video_anonymize.py&apos;)
        cv2        = &lt;module &apos;cv2&apos; from &apos;/Users/alexrockhill/software/anaconda3/envs/swannlab/lib/python3.7/site-packages/cv2.cpython-37m-darwin.so&apos;&gt;
        op         = &lt;module &apos;posixpath&apos; from &apos;/Users/alexrockhill/software/anaconda3/envs/swannlab/lib/python3.7/posixpath.py&apos;&gt;
../../software/anaconda3/envs/swannlab/lib/python3.7/site-packages/video_anonymize/__init__.py:6: in &lt;module&gt;
    from video_anonymize.anon import video_anonymize  # noqa
        __builtins__ = &lt;builtins&gt;
        __cached__ = &apos;/Users/alexrockhill/software/anaconda3/envs/swannlab/lib/python3.7/site-packages/video_anonymize/__pycache__/__init__.cpython-37.pyc&apos;
        __doc__    = &apos;A simple video anonymization toolbox using the Viola-Jones algorithm.&apos;
        __file__   = &apos;/Users/alexrockhill/software/anaconda3/envs/swannlab/lib/python3.7/site-packages/video_anonymize/__init__.py&apos;
        __loader__ = &lt;_frozen_importlib_external.SourceFileLoader object at 0x7f8e459b0310&gt;
        __name__   = &apos;video_anonymize&apos;
        __package__ = &apos;video_anonymize&apos;
        __path__   = [&apos;/Users/alexrockhill/software/anaconda3/envs/swannlab/lib/python3.7/site-packages/video_anonymize&apos;]
        __spec__   = ModuleSpec(name=&apos;video_anonymize&apos;, loader=&lt;_frozen_importlib_external.SourceFileLoader object at 0x7f8e459b0310&gt;, orig..._search_locations=[&apos;/Users/alexrockhill/software/anaconda3/envs/swannlab/lib/python3.7/site-packages/video_anonymize&apos;])
        __version__ = &apos;0.0.dev0&apos;
../../software/anaconda3/envs/swannlab/lib/python3.7/site-packages/video_anonymize/anon.py:16: in &lt;module&gt;
    (&apos;haarcascade_frontalface_default&apos;,
        __builtins__ = &lt;builtins&gt;
        __cached__ = &apos;/Users/alexrockhill/software/anaconda3/envs/swannlab/lib/python3.7/site-packages/video_anonymize/__pycache__/anon.cpython-37.pyc&apos;
        __doc__    = &apos;Anonymize a video.\n\nAnonymize a video with a black box over any faces.\n&apos;
        __file__   = &apos;/Users/alexrockhill/software/anaconda3/envs/swannlab/lib/python3.7/site-packages/video_anonymize/anon.py&apos;
        __loader__ = &lt;_frozen_importlib_external.SourceFileLoader object at 0x7f8e459b0810&gt;
        __name__   = &apos;video_anonymize.anon&apos;
        __package__ = &apos;video_anonymize&apos;
        __spec__   = ModuleSpec(name=&apos;video_anonymize.anon&apos;, loader=&lt;_frozen_importlib_external.SourceFileLoader object at 0x7f8e459b0810&gt;, origin=&apos;/Users/alexrockhill/software/anaconda3/envs/swannlab/lib/python3.7/site-packages/video_anonymize/anon.py&apos;)
        argparse   = &lt;module &apos;argparse&apos; from &apos;/Users/alexrockhill/software/anaconda3/envs/swannlab/lib/python3.7/argparse.py&apos;&gt;
        cv2        = &lt;module &apos;cv2&apos; from &apos;/Users/alexrockhill/software/anaconda3/envs/swannlab/lib/python3.7/site-packages/cv2.cpython-37m-darwin.so&apos;&gt;
        op         = &lt;module &apos;posixpath&apos; from &apos;/Users/alexrockhill/software/anaconda3/envs/swannlab/lib/python3.7/posixpath.py&apos;&gt;
../../software/anaconda3/envs/swannlab/lib/python3.7/site-packages/video_anonymize/anon.py:15: in &lt;listcomp&gt;
    cv2.data.haarcascades, name)) for name in
E   AttributeError: module &apos;cv2&apos; has no attribute &apos;data&apos;
        .0         = &lt;tuple_iterator object at 0x7f8e459b0c90&gt;
        name       = &apos;haarcascade_frontalface_default&apos;</error></testcase></testsuite></testsuites>