<?xml version="1.0" encoding="utf-8"?><testsuites><testsuite errors="0" failures="0" hostname="Alexs-MacBook-Pro.local" name="pytest" skipped="0" tests="1" time="11.414" timestamp="2020-07-01T08:37:26.308998"><testcase classname="anonymizer.tests.test_video_anonymize" file="anonymizer/tests/test_video_anonymize.py" line="25" name="test_video_anonymize" time="10.688"></testcase></testsuite></testsuites>