<?xml version="1.0" encoding="utf-8"?><testsuites><testsuite errors="0" failures="0" hostname="Alexs-MacBook-Pro.local" name="pytest" skipped="0" tests="1" time="1.705" timestamp="2020-07-02T09:49:26.511736"><testcase classname="anonymizer.tests.test_raw_anonymize" file="anonymizer/tests/test_raw_anonymize.py" line="29" name="test_raw_anonymize" time="0.801"></testcase></testsuite></testsuites>