<?xml version="1.0" encoding="utf-8"?><testsuites><testsuite errors="0" failures="0" hostname="Alexs-MacBook-Pro.local" name="pytest" skipped="0" tests="2" time="3.295" timestamp="2020-07-02T10:20:23.743989"><testcase classname="anonymizer.tests.test_raw_anonymize" file="anonymizer/tests/test_raw_anonymize.py" line="29" name="test_raw_anonymize" time="0.785"></testcase><testcase classname="anonymizer.tests.test_video_anonymize" file="anonymizer/tests/test_video_anonymize.py" line="26" name="test_video_anonymize" time="0.741"></testcase></testsuite></testsuites>