<?xml version="1.0" encoding="utf-8"?><testsuites><testsuite errors="0" failures="0" hostname="Alexs-MacBook-Pro.local" name="pytest" skipped="0" tests="1" time="8.862" timestamp="2020-06-30T17:18:49.082814"><testcase classname="video_anonymize.tests.test_video_anonymize" file="video_anonymize/tests/test_video_anonymize.py" line="25" name="test_video_anonymize" time="8.465"></testcase></testsuite></testsuites>