<?xml version="1.0" encoding="utf-8"?><testsuites><testsuite errors="0" failures="0" hostname="Alexs-MacBook-Pro.local" name="pytest" skipped="0" tests="1" time="39.223" timestamp="2020-06-30T18:51:04.835571"><testcase classname="video_anonymize.tests.test_video_anonymize" file="video_anonymize/tests/test_video_anonymize.py" line="25" name="test_video_anonymize" time="38.566"></testcase></testsuite></testsuites>