<?xml version="1.0" encoding="utf-8"?><testsuites><testsuite errors="0" failures="0" hostname="Alexs-MacBook-Pro.local" name="pytest" skipped="0" tests="1" time="4.002" timestamp="2020-08-16T16:10:57.504966"><testcase classname="ephys_anonymizer.tests.test_raw_anonymize" file="ephys_anonymizer/tests/test_raw_anonymize.py" line="30" name="test_raw_anonymize" time="2.723"></testcase></testsuite></testsuites>